<?xml version="1.0" encoding="UTF-8"?>
<testsuite xmlns:xsi="http://www.w3.org/2001/XMLSchema-instance" xsi:noNamespaceSchemaLocation="https://maven.apache.org/surefire/maven-surefire-plugin/xsd/surefire-test-report-3.0.xsd" version="3.0" name="TestSuite" time="159.702" tests="9" errors="0" skipped="0" failures="0">
  <properties>
    <property name="java.specification.version" value="17"/>
    <property name="webdriver.chrome.driver" value="/Users/Nastya/.cache/selenium/chromedriver/mac-x64/125.0.6422.141/chromedriver"/>
    <property name="sun.jnu.encoding" value="UTF-8"/>
    <property name="java.class.path" value="/Users/Nastya/new/IT_Academy_Exam/IT_Academy_Exam/target/test-classes:/Users/Nastya/new/IT_Academy_Exam/IT_Academy_Exam/target/classes:/Users/Nastya/.m2/repository/org/seleniumhq/selenium/selenium-java/4.21.0/selenium-java-4.21.0.jar:/Users/Nastya/.m2/repository/org/seleniumhq/selenium/selenium-api/4.21.0/selenium-api-4.21.0.jar:/Users/Nastya/.m2/repository/org/seleniumhq/selenium/selenium-chrome-driver/4.21.0/selenium-chrome-driver-4.21.0.jar:/Users/Nastya/.m2/repository/com/google/auto/service/auto-service-annotations/1.1.1/auto-service-annotations-1.1.1.jar:/Users/Nastya/.m2/repository/org/seleniumhq/selenium/selenium-chromium-driver/4.21.0/selenium-chromium-driver-4.21.0.jar:/Users/Nastya/.m2/repository/org/seleniumhq/selenium/selenium-json/4.21.0/selenium-json-4.21.0.jar:/Users/Nastya/.m2/repository/org/seleniumhq/selenium/selenium-manager/4.21.0/selenium-manager-4.21.0.jar:/Users/Nastya/.m2/repository/org/seleniumhq/selenium/selenium-devtools-v123/4.21.0/selenium-devtools-v123-4.21.0.jar:/Users/Nastya/.m2/repository/org/seleniumhq/selenium/selenium-devtools-v124/4.21.0/selenium-devtools-v124-4.21.0.jar:/Users/Nastya/.m2/repository/org/seleniumhq/selenium/selenium-devtools-v125/4.21.0/selenium-devtools-v125-4.21.0.jar:/Users/Nastya/.m2/repository/org/seleniumhq/selenium/selenium-devtools-v85/4.21.0/selenium-devtools-v85-4.21.0.jar:/Users/Nastya/.m2/repository/org/seleniumhq/selenium/selenium-edge-driver/4.21.0/selenium-edge-driver-4.21.0.jar:/Users/Nastya/.m2/repository/org/seleniumhq/selenium/selenium-firefox-driver/4.21.0/selenium-firefox-driver-4.21.0.jar:/Users/Nastya/.m2/repository/org/seleniumhq/selenium/selenium-http/4.21.0/selenium-http-4.21.0.jar:/Users/Nastya/.m2/repository/dev/failsafe/failsafe/3.3.2/failsafe-3.3.2.jar:/Users/Nastya/.m2/repository/org/seleniumhq/selenium/selenium-ie-driver/4.21.0/selenium-ie-driver-4.21.0.jar:/Users/Nastya/.m2/repository/org/seleniumhq/selenium/selenium-remote-driver/4.21.0/selenium-remote-driver-4.21.0.jar:/Users/Nastya/.m2/repository/com/google/guava/guava/33.2.0-jre/guava-33.2.0-jre.jar:/Users/Nastya/.m2/repository/com/google/guava/failureaccess/1.0.2/failureaccess-1.0.2.jar:/Users/Nastya/.m2/repository/com/google/guava/listenablefuture/9999.0-empty-to-avoid-conflict-with-guava/listenablefuture-9999.0-empty-to-avoid-conflict-with-guava.jar:/Users/Nastya/.m2/repository/org/checkerframework/checker-qual/3.42.0/checker-qual-3.42.0.jar:/Users/Nastya/.m2/repository/com/google/errorprone/error_prone_annotations/2.26.1/error_prone_annotations-2.26.1.jar:/Users/Nastya/.m2/repository/com/google/j2objc/j2objc-annotations/3.0.0/j2objc-annotations-3.0.0.jar:/Users/Nastya/.m2/repository/io/opentelemetry/semconv/opentelemetry-semconv/1.25.0-alpha/opentelemetry-semconv-1.25.0-alpha.jar:/Users/Nastya/.m2/repository/io/opentelemetry/opentelemetry-api/1.38.0/opentelemetry-api-1.38.0.jar:/Users/Nastya/.m2/repository/io/opentelemetry/opentelemetry-context/1.38.0/opentelemetry-context-1.38.0.jar:/Users/Nastya/.m2/repository/io/opentelemetry/opentelemetry-exporter-logging/1.38.0/opentelemetry-exporter-logging-1.38.0.jar:/Users/Nastya/.m2/repository/io/opentelemetry/opentelemetry-sdk-common/1.38.0/opentelemetry-sdk-common-1.38.0.jar:/Users/Nastya/.m2/repository/io/opentelemetry/opentelemetry-sdk-extension-autoconfigure-spi/1.38.0/opentelemetry-sdk-extension-autoconfigure-spi-1.38.0.jar:/Users/Nastya/.m2/repository/io/opentelemetry/opentelemetry-sdk-extension-autoconfigure/1.38.0/opentelemetry-sdk-extension-autoconfigure-1.38.0.jar:/Users/Nastya/.m2/repository/io/opentelemetry/opentelemetry-api-incubator/1.38.0-alpha/opentelemetry-api-incubator-1.38.0-alpha.jar:/Users/Nastya/.m2/repository/io/opentelemetry/opentelemetry-sdk-trace/1.38.0/opentelemetry-sdk-trace-1.38.0.jar:/Users/Nastya/.m2/repository/io/opentelemetry/opentelemetry-sdk/1.38.0/opentelemetry-sdk-1.38.0.jar:/Users/Nastya/.m2/repository/io/opentelemetry/opentelemetry-sdk-metrics/1.38.0/opentelemetry-sdk-metrics-1.38.0.jar:/Users/Nastya/.m2/repository/io/opentelemetry/opentelemetry-sdk-logs/1.38.0/opentelemetry-sdk-logs-1.38.0.jar:/Users/Nastya/.m2/repository/net/bytebuddy/byte-buddy/1.14.15/byte-buddy-1.14.15.jar:/Users/Nastya/.m2/repository/org/seleniumhq/selenium/selenium-os/4.21.0/selenium-os-4.21.0.jar:/Users/Nastya/.m2/repository/org/apache/commons/commons-exec/1.4.0/commons-exec-1.4.0.jar:/Users/Nastya/.m2/repository/org/seleniumhq/selenium/selenium-safari-driver/4.21.0/selenium-safari-driver-4.21.0.jar:/Users/Nastya/.m2/repository/org/seleniumhq/selenium/selenium-support/4.21.0/selenium-support-4.21.0.jar:/Users/Nastya/.m2/repository/org/testng/testng/7.5.1/testng-7.5.1.jar:/Users/Nastya/.m2/repository/com/google/code/findbugs/jsr305/3.0.1/jsr305-3.0.1.jar:/Users/Nastya/.m2/repository/com/beust/jcommander/1.78/jcommander-1.78.jar:/Users/Nastya/.m2/repository/org/webjars/jquery/3.5.1/jquery-3.5.1.jar:/Users/Nastya/.m2/repository/com/googlecode/json-simple/json-simple/1.1.1/json-simple-1.1.1.jar:/Users/Nastya/.m2/repository/junit/junit/4.10/junit-4.10.jar:/Users/Nastya/.m2/repository/org/hamcrest/hamcrest-core/1.1/hamcrest-core-1.1.jar:/Users/Nastya/.m2/repository/com/google/code/gson/gson/2.10.1/gson-2.10.1.jar:/Users/Nastya/.m2/repository/io/github/bonigarcia/webdrivermanager/5.7.0/webdrivermanager-5.7.0.jar:/Users/Nastya/.m2/repository/org/slf4j/slf4j-api/2.0.12/slf4j-api-2.0.12.jar:/Users/Nastya/.m2/repository/com/github/docker-java/docker-java/3.3.5/docker-java-3.3.5.jar:/Users/Nastya/.m2/repository/com/github/docker-java/docker-java-core/3.3.5/docker-java-core-3.3.5.jar:/Users/Nastya/.m2/repository/com/github/docker-java/docker-java-api/3.3.5/docker-java-api-3.3.5.jar:/Users/Nastya/.m2/repository/com/fasterxml/jackson/core/jackson-annotations/2.10.3/jackson-annotations-2.10.3.jar:/Users/Nastya/.m2/repository/com/fasterxml/jackson/core/jackson-databind/2.10.3/jackson-databind-2.10.3.jar:/Users/Nastya/.m2/repository/com/fasterxml/jackson/core/jackson-core/2.10.3/jackson-core-2.10.3.jar:/Users/Nastya/.m2/repository/org/bouncycastle/bcpkix-jdk18on/1.76/bcpkix-jdk18on-1.76.jar:/Users/Nastya/.m2/repository/org/bouncycastle/bcprov-jdk18on/1.76/bcprov-jdk18on-1.76.jar:/Users/Nastya/.m2/repository/org/bouncycastle/bcutil-jdk18on/1.76/bcutil-jdk18on-1.76.jar:/Users/Nastya/.m2/repository/org/slf4j/jcl-over-slf4j/1.7.30/jcl-over-slf4j-1.7.30.jar:/Users/Nastya/.m2/repository/com/github/docker-java/docker-java-transport-httpclient5/3.3.5/docker-java-transport-httpclient5-3.3.5.jar:/Users/Nastya/.m2/repository/com/github/docker-java/docker-java-transport/3.3.5/docker-java-transport-3.3.5.jar:/Users/Nastya/.m2/repository/net/java/dev/jna/jna/5.13.0/jna-5.13.0.jar:/Users/Nastya/.m2/repository/org/brotli/dec/0.1.2/dec-0.1.2.jar:/Users/Nastya/.m2/repository/org/apache/commons/commons-lang3/3.14.0/commons-lang3-3.14.0.jar:/Users/Nastya/.m2/repository/org/apache/commons/commons-compress/1.26.0/commons-compress-1.26.0.jar:/Users/Nastya/.m2/repository/commons-io/commons-io/2.15.1/commons-io-2.15.1.jar:/Users/Nastya/.m2/repository/org/apache/httpcomponents/client5/httpclient5/5.2.1/httpclient5-5.2.1.jar:/Users/Nastya/.m2/repository/org/apache/httpcomponents/core5/httpcore5/5.2/httpcore5-5.2.jar:/Users/Nastya/.m2/repository/org/apache/httpcomponents/core5/httpcore5-h2/5.2/httpcore5-h2-5.2.jar:/Users/Nastya/.m2/repository/org/projectlombok/lombok/1.18.30/lombok-1.18.30.jar:/Users/Nastya/.m2/repository/log4j/log4j/1.2.17/log4j-1.2.17.jar:/Users/Nastya/.m2/repository/io/qameta/allure/allure-testng/2.24.0/allure-testng-2.24.0.jar:/Users/Nastya/.m2/repository/io/qameta/allure/allure-java-commons/2.24.0/allure-java-commons-2.24.0.jar:/Users/Nastya/.m2/repository/io/qameta/allure/allure-model/2.24.0/allure-model-2.24.0.jar:/Users/Nastya/.m2/repository/io/qameta/allure/allure-test-filter/2.24.0/allure-test-filter-2.24.0.jar:"/>
    <property name="java.vm.vendor" value="Oracle Corporation"/>
    <property name="sun.arch.data.model" value="64"/>
    <property name="java.vendor.url" value="https://java.oracle.com/"/>
    <property name="user.timezone" value="Europe/Minsk"/>
    <property name="os.name" value="Mac OS X"/>
    <property name="java.vm.specification.version" value="17"/>
    <property name="sun.java.launcher" value="SUN_STANDARD"/>
    <property name="user.country" value="BY"/>
    <property name="sun.boot.library.path" value="/Users/Nastya/Library/Java/JavaVirtualMachines/openjdk-17.0.2/Contents/Home/lib"/>
    <property name="sun.java.command" value="/Users/Nastya/new/IT_Academy_Exam/IT_Academy_Exam/target/surefire/surefirebooter-20240606221225810_3.jar /Users/Nastya/new/IT_Academy_Exam/IT_Academy_Exam/target/surefire 2024-06-06T22-12-25_625-jvmRun1 surefire-20240606221225810_1tmp surefire_0-20240606221225810_2tmp"/>
    <property name="http.nonProxyHosts" value="local|*.local|169.254/16|*.169.254/16"/>
    <property name="jdk.debug" value="release"/>
    <property name="surefire.test.class.path" value="/Users/Nastya/new/IT_Academy_Exam/IT_Academy_Exam/target/test-classes:/Users/Nastya/new/IT_Academy_Exam/IT_Academy_Exam/target/classes:/Users/Nastya/.m2/repository/org/seleniumhq/selenium/selenium-java/4.21.0/selenium-java-4.21.0.jar:/Users/Nastya/.m2/repository/org/seleniumhq/selenium/selenium-api/4.21.0/selenium-api-4.21.0.jar:/Users/Nastya/.m2/repository/org/seleniumhq/selenium/selenium-chrome-driver/4.21.0/selenium-chrome-driver-4.21.0.jar:/Users/Nastya/.m2/repository/com/google/auto/service/auto-service-annotations/1.1.1/auto-service-annotations-1.1.1.jar:/Users/Nastya/.m2/repository/org/seleniumhq/selenium/selenium-chromium-driver/4.21.0/selenium-chromium-driver-4.21.0.jar:/Users/Nastya/.m2/repository/org/seleniumhq/selenium/selenium-json/4.21.0/selenium-json-4.21.0.jar:/Users/Nastya/.m2/repository/org/seleniumhq/selenium/selenium-manager/4.21.0/selenium-manager-4.21.0.jar:/Users/Nastya/.m2/repository/org/seleniumhq/selenium/selenium-devtools-v123/4.21.0/selenium-devtools-v123-4.21.0.jar:/Users/Nastya/.m2/repository/org/seleniumhq/selenium/selenium-devtools-v124/4.21.0/selenium-devtools-v124-4.21.0.jar:/Users/Nastya/.m2/repository/org/seleniumhq/selenium/selenium-devtools-v125/4.21.0/selenium-devtools-v125-4.21.0.jar:/Users/Nastya/.m2/repository/org/seleniumhq/selenium/selenium-devtools-v85/4.21.0/selenium-devtools-v85-4.21.0.jar:/Users/Nastya/.m2/repository/org/seleniumhq/selenium/selenium-edge-driver/4.21.0/selenium-edge-driver-4.21.0.jar:/Users/Nastya/.m2/repository/org/seleniumhq/selenium/selenium-firefox-driver/4.21.0/selenium-firefox-driver-4.21.0.jar:/Users/Nastya/.m2/repository/org/seleniumhq/selenium/selenium-http/4.21.0/selenium-http-4.21.0.jar:/Users/Nastya/.m2/repository/dev/failsafe/failsafe/3.3.2/failsafe-3.3.2.jar:/Users/Nastya/.m2/repository/org/seleniumhq/selenium/selenium-ie-driver/4.21.0/selenium-ie-driver-4.21.0.jar:/Users/Nastya/.m2/repository/org/seleniumhq/selenium/selenium-remote-driver/4.21.0/selenium-remote-driver-4.21.0.jar:/Users/Nastya/.m2/repository/com/google/guava/guava/33.2.0-jre/guava-33.2.0-jre.jar:/Users/Nastya/.m2/repository/com/google/guava/failureaccess/1.0.2/failureaccess-1.0.2.jar:/Users/Nastya/.m2/repository/com/google/guava/listenablefuture/9999.0-empty-to-avoid-conflict-with-guava/listenablefuture-9999.0-empty-to-avoid-conflict-with-guava.jar:/Users/Nastya/.m2/repository/org/checkerframework/checker-qual/3.42.0/checker-qual-3.42.0.jar:/Users/Nastya/.m2/repository/com/google/errorprone/error_prone_annotations/2.26.1/error_prone_annotations-2.26.1.jar:/Users/Nastya/.m2/repository/com/google/j2objc/j2objc-annotations/3.0.0/j2objc-annotations-3.0.0.jar:/Users/Nastya/.m2/repository/io/opentelemetry/semconv/opentelemetry-semconv/1.25.0-alpha/opentelemetry-semconv-1.25.0-alpha.jar:/Users/Nastya/.m2/repository/io/opentelemetry/opentelemetry-api/1.38.0/opentelemetry-api-1.38.0.jar:/Users/Nastya/.m2/repository/io/opentelemetry/opentelemetry-context/1.38.0/opentelemetry-context-1.38.0.jar:/Users/Nastya/.m2/repository/io/opentelemetry/opentelemetry-exporter-logging/1.38.0/opentelemetry-exporter-logging-1.38.0.jar:/Users/Nastya/.m2/repository/io/opentelemetry/opentelemetry-sdk-common/1.38.0/opentelemetry-sdk-common-1.38.0.jar:/Users/Nastya/.m2/repository/io/opentelemetry/opentelemetry-sdk-extension-autoconfigure-spi/1.38.0/opentelemetry-sdk-extension-autoconfigure-spi-1.38.0.jar:/Users/Nastya/.m2/repository/io/opentelemetry/opentelemetry-sdk-extension-autoconfigure/1.38.0/opentelemetry-sdk-extension-autoconfigure-1.38.0.jar:/Users/Nastya/.m2/repository/io/opentelemetry/opentelemetry-api-incubator/1.38.0-alpha/opentelemetry-api-incubator-1.38.0-alpha.jar:/Users/Nastya/.m2/repository/io/opentelemetry/opentelemetry-sdk-trace/1.38.0/opentelemetry-sdk-trace-1.38.0.jar:/Users/Nastya/.m2/repository/io/opentelemetry/opentelemetry-sdk/1.38.0/opentelemetry-sdk-1.38.0.jar:/Users/Nastya/.m2/repository/io/opentelemetry/opentelemetry-sdk-metrics/1.38.0/opentelemetry-sdk-metrics-1.38.0.jar:/Users/Nastya/.m2/repository/io/opentelemetry/opentelemetry-sdk-logs/1.38.0/opentelemetry-sdk-logs-1.38.0.jar:/Users/Nastya/.m2/repository/net/bytebuddy/byte-buddy/1.14.15/byte-buddy-1.14.15.jar:/Users/Nastya/.m2/repository/org/seleniumhq/selenium/selenium-os/4.21.0/selenium-os-4.21.0.jar:/Users/Nastya/.m2/repository/org/apache/commons/commons-exec/1.4.0/commons-exec-1.4.0.jar:/Users/Nastya/.m2/repository/org/seleniumhq/selenium/selenium-safari-driver/4.21.0/selenium-safari-driver-4.21.0.jar:/Users/Nastya/.m2/repository/org/seleniumhq/selenium/selenium-support/4.21.0/selenium-support-4.21.0.jar:/Users/Nastya/.m2/repository/org/testng/testng/7.5.1/testng-7.5.1.jar:/Users/Nastya/.m2/repository/com/google/code/findbugs/jsr305/3.0.1/jsr305-3.0.1.jar:/Users/Nastya/.m2/repository/com/beust/jcommander/1.78/jcommander-1.78.jar:/Users/Nastya/.m2/repository/org/webjars/jquery/3.5.1/jquery-3.5.1.jar:/Users/Nastya/.m2/repository/com/googlecode/json-simple/json-simple/1.1.1/json-simple-1.1.1.jar:/Users/Nastya/.m2/repository/junit/junit/4.10/junit-4.10.jar:/Users/Nastya/.m2/repository/org/hamcrest/hamcrest-core/1.1/hamcrest-core-1.1.jar:/Users/Nastya/.m2/repository/com/google/code/gson/gson/2.10.1/gson-2.10.1.jar:/Users/Nastya/.m2/repository/io/github/bonigarcia/webdrivermanager/5.7.0/webdrivermanager-5.7.0.jar:/Users/Nastya/.m2/repository/org/slf4j/slf4j-api/2.0.12/slf4j-api-2.0.12.jar:/Users/Nastya/.m2/repository/com/github/docker-java/docker-java/3.3.5/docker-java-3.3.5.jar:/Users/Nastya/.m2/repository/com/github/docker-java/docker-java-core/3.3.5/docker-java-core-3.3.5.jar:/Users/Nastya/.m2/repository/com/github/docker-java/docker-java-api/3.3.5/docker-java-api-3.3.5.jar:/Users/Nastya/.m2/repository/com/fasterxml/jackson/core/jackson-annotations/2.10.3/jackson-annotations-2.10.3.jar:/Users/Nastya/.m2/repository/com/fasterxml/jackson/core/jackson-databind/2.10.3/jackson-databind-2.10.3.jar:/Users/Nastya/.m2/repository/com/fasterxml/jackson/core/jackson-core/2.10.3/jackson-core-2.10.3.jar:/Users/Nastya/.m2/repository/org/bouncycastle/bcpkix-jdk18on/1.76/bcpkix-jdk18on-1.76.jar:/Users/Nastya/.m2/repository/org/bouncycastle/bcprov-jdk18on/1.76/bcprov-jdk18on-1.76.jar:/Users/Nastya/.m2/repository/org/bouncycastle/bcutil-jdk18on/1.76/bcutil-jdk18on-1.76.jar:/Users/Nastya/.m2/repository/org/slf4j/jcl-over-slf4j/1.7.30/jcl-over-slf4j-1.7.30.jar:/Users/Nastya/.m2/repository/com/github/docker-java/docker-java-transport-httpclient5/3.3.5/docker-java-transport-httpclient5-3.3.5.jar:/Users/Nastya/.m2/repository/com/github/docker-java/docker-java-transport/3.3.5/docker-java-transport-3.3.5.jar:/Users/Nastya/.m2/repository/net/java/dev/jna/jna/5.13.0/jna-5.13.0.jar:/Users/Nastya/.m2/repository/org/brotli/dec/0.1.2/dec-0.1.2.jar:/Users/Nastya/.m2/repository/org/apache/commons/commons-lang3/3.14.0/commons-lang3-3.14.0.jar:/Users/Nastya/.m2/repository/org/apache/commons/commons-compress/1.26.0/commons-compress-1.26.0.jar:/Users/Nastya/.m2/repository/commons-io/commons-io/2.15.1/commons-io-2.15.1.jar:/Users/Nastya/.m2/repository/org/apache/httpcomponents/client5/httpclient5/5.2.1/httpclient5-5.2.1.jar:/Users/Nastya/.m2/repository/org/apache/httpcomponents/core5/httpcore5/5.2/httpcore5-5.2.jar:/Users/Nastya/.m2/repository/org/apache/httpcomponents/core5/httpcore5-h2/5.2/httpcore5-h2-5.2.jar:/Users/Nastya/.m2/repository/org/projectlombok/lombok/1.18.30/lombok-1.18.30.jar:/Users/Nastya/.m2/repository/log4j/log4j/1.2.17/log4j-1.2.17.jar:/Users/Nastya/.m2/repository/io/qameta/allure/allure-testng/2.24.0/allure-testng-2.24.0.jar:/Users/Nastya/.m2/repository/io/qameta/allure/allure-java-commons/2.24.0/allure-java-commons-2.24.0.jar:/Users/Nastya/.m2/repository/io/qameta/allure/allure-model/2.24.0/allure-model-2.24.0.jar:/Users/Nastya/.m2/repository/io/qameta/allure/allure-test-filter/2.24.0/allure-test-filter-2.24.0.jar:"/>
    <property name="sun.cpu.endian" value="little"/>
    <property name="user.home" value="/Users/Nastya"/>
    <property name="user.language" value="ru"/>
    <property name="java.specification.vendor" value="Oracle Corporation"/>
    <property name="java.version.date" value="2022-01-18"/>
    <property name="java.home" value="/Users/Nastya/Library/Java/JavaVirtualMachines/openjdk-17.0.2/Contents/Home"/>
    <property name="file.separator" value="/"/>
    <property name="basedir" value="/Users/Nastya/new/IT_Academy_Exam/IT_Academy_Exam"/>
    <property name="java.vm.compressedOopsMode" value="Zero based"/>
    <property name="line.separator" value="&#10;"/>
    <property name="java.vm.specification.vendor" value="Oracle Corporation"/>
    <property name="java.specification.name" value="Java Platform API Specification"/>
    <property name="surefire.real.class.path" value="/Users/Nastya/new/IT_Academy_Exam/IT_Academy_Exam/target/surefire/surefirebooter-20240606221225810_3.jar"/>
    <property name="sun.management.compiler" value="HotSpot 64-Bit Tiered Compilers"/>
    <property name="ftp.nonProxyHosts" value="local|*.local|169.254/16|*.169.254/16"/>
    <property name="java.runtime.version" value="17.0.2+8-86"/>
    <property name="user.name" value="Nastya"/>
    <property name="path.separator" value=":"/>
    <property name="os.version" value="10.15.7"/>
    <property name="java.runtime.name" value="OpenJDK Runtime Environment"/>
    <property name="file.encoding" value="US-ASCII"/>
    <property name="java.vm.name" value="OpenJDK 64-Bit Server VM"/>
    <property name="localRepository" value="/Users/Nastya/.m2/repository"/>
    <property name="java.vendor.url.bug" value="https://bugreport.java.com/bugreport/"/>
    <property name="java.io.tmpdir" value="/var/folders/89/pjgjhx8s6fz75gtwq9pzkhhr0000gn/T/"/>
    <property name="java.version" value="17.0.2"/>
    <property name="user.dir" value="/Users/Nastya/new/IT_Academy_Exam/IT_Academy_Exam"/>
    <property name="os.arch" value="x86_64"/>
    <property name="java.vm.specification.name" value="Java Virtual Machine Specification"/>
    <property name="native.encoding" value="US-ASCII"/>
    <property name="java.library.path" value="/Users/Nastya/Library/Java/Extensions:/Library/Java/Extensions:/Network/Library/Java/Extensions:/System/Library/Java/Extensions:/usr/lib/java:."/>
    <property name="java.vm.info" value="mixed mode, sharing"/>
    <property name="java.vendor" value="Oracle Corporation"/>
    <property name="java.vm.version" value="17.0.2+8-86"/>
    <property name="sun.io.unicode.encoding" value="UnicodeBig"/>
    <property name="socksNonProxyHosts" value="local|*.local|169.254/16|*.169.254/16"/>
    <property name="java.class.version" value="61.0"/>
  </properties>
  <testcase name="uploadMedia" classname="org.itacademy.tests.MediaUploadTest" time="19.237">
    <system-out><![CDATA[24/06/06 22:12:29 INFO BaseTest: Before test method
24/06/06 22:12:29 INFO Browser: Driver init
24/06/06 22:12:29 DEBUG Browser: Init method of browser
24/06/06 22:12:29 INFO BrowserFactory: Test try runs on browser : CHROME
24/06/06 22:12:33 DEBUG BrowserFactory: Driver ChromeDriver: chrome on mac (ff64d86b7b7f8dbadb4bbe79da4b667f)
24/06/06 22:12:37 INFO Browser: Browser is started
24/06/06 22:12:38 INFO MediaUploadTest: Test upload media is started
24/06/06 22:12:38 DEBUG JsonUtil: Getting User model from Json
24/06/06 22:12:38 DEBUG JsonUtil: Getting data from Json
24/06/06 22:12:38 DEBUG JsonUtil: Getting User model from Json
24/06/06 22:12:38 DEBUG JsonUtil: Getting data from Json
24/06/06 22:12:38 DEBUG LoginPage: looking for Login input field
24/06/06 22:12:38 DEBUG LoginPage: looking for Password input field
24/06/06 22:12:38 DEBUG LoginPage: Entering login and password
24/06/06 22:12:38 DEBUG LoginPage: Looking for Log in button
24/06/06 22:12:38 DEBUG LoginPage: Clicking on Log in button
24/06/06 22:12:43 INFO MainMenuPage: Check Main menu page is opened
24/06/06 22:12:47 INFO MediaPage: Check Media page is opened
24/06/06 22:12:47 DEBUG MediaPage: Looking for Add button
24/06/06 22:12:47 DEBUG MediaPage: Clicking on Add button
24/06/06 22:12:57 INFO MediaPage: Check Media page is opened
24/06/06 22:12:57 INFO MediaUploadTest: Test upload media is ended
]]></system-out>
    <system-err><![CDATA[SLF4J(W): No SLF4J providers were found.
SLF4J(W): Defaulting to no-operation (NOP) logger implementation
SLF4J(W): See https://www.slf4j.org/codes.html#noProviders for further details.
]]></system-err>
  </testcase>
  <testcase name="deleteMedia" classname="org.itacademy.tests.MediaUploadTest" time="16.351">
    <system-out><![CDATA[24/06/06 22:12:57 INFO BaseTest: After test method
24/06/06 22:12:57 INFO Browser: Browser is closed
24/06/06 22:12:57 INFO BaseTest: Before test method
24/06/06 22:12:57 INFO Browser: Driver init
24/06/06 22:12:57 DEBUG Browser: Init method of browser
24/06/06 22:12:57 INFO BrowserFactory: Test try runs on browser : CHROME
24/06/06 22:12:59 DEBUG BrowserFactory: Driver ChromeDriver: chrome on mac (242cd6c9c7ac87c077a2375b1ad75ff5)
24/06/06 22:13:03 INFO Browser: Browser is started
24/06/06 22:13:03 INFO MediaUploadTest: Test delete uploaded media is started
24/06/06 22:13:03 DEBUG JsonUtil: Getting User model from Json
24/06/06 22:13:03 DEBUG JsonUtil: Getting data from Json
24/06/06 22:13:03 DEBUG JsonUtil: Getting User model from Json
24/06/06 22:13:03 DEBUG JsonUtil: Getting data from Json
24/06/06 22:13:03 DEBUG LoginPage: looking for Login input field
24/06/06 22:13:03 DEBUG LoginPage: looking for Password input field
24/06/06 22:13:03 DEBUG LoginPage: Entering login and password
24/06/06 22:13:03 DEBUG LoginPage: Looking for Log in button
24/06/06 22:13:03 DEBUG LoginPage: Clicking on Log in button
24/06/06 22:13:09 INFO MainMenuPage: Check Main menu page is opened
24/06/06 22:13:12 INFO MediaPage: Check Media page is opened
24/06/06 22:13:12 DEBUG MediaPage: Post: post-4653 is recently created
24/06/06 22:13:13 DEBUG MediaPage: Select checkbox
24/06/06 22:13:13 DEBUG MediaPage: Post: post-4653 is selected
24/06/06 22:13:13 DEBUG MediaPage: Delete post-4653
24/06/06 22:13:13 DEBUG MediaPage: Looking for Apply button
24/06/06 22:13:13 DEBUG MediaPage: Clicking for Apply button
24/06/06 22:13:19 DEBUG MediaPage: Check post is deleted
]]></system-out>
  </testcase>
  <testcase name="testLogIn" classname="org.itacademy.tests.AuthentificationTest" time="5.829">
    <system-out><![CDATA[24/06/06 22:13:19 INFO BaseTest: After test method
24/06/06 22:13:20 INFO Browser: Browser is closed
24/06/06 22:13:20 INFO BaseTest: Before test method
24/06/06 22:13:20 INFO Browser: Driver init
24/06/06 22:13:20 DEBUG Browser: Init method of browser
24/06/06 22:13:20 INFO BrowserFactory: Test try runs on browser : CHROME
24/06/06 22:13:21 DEBUG BrowserFactory: Driver ChromeDriver: chrome on mac (3a47d727e9227ea8c7e2a7f98ed397be)
24/06/06 22:13:26 INFO Browser: Browser is started
24/06/06 22:13:26 INFO AuthentificationTest: Test is started
24/06/06 22:13:26 DEBUG JsonUtil: Getting User model from Json
24/06/06 22:13:26 DEBUG JsonUtil: Getting data from Json
24/06/06 22:13:26 DEBUG JsonUtil: Getting User model from Json
24/06/06 22:13:26 DEBUG JsonUtil: Getting data from Json
24/06/06 22:13:26 DEBUG LoginPage: looking for Login input field
24/06/06 22:13:26 DEBUG LoginPage: looking for Password input field
24/06/06 22:13:26 DEBUG LoginPage: Entering login and password
24/06/06 22:13:26 DEBUG LoginPage: Looking for Log in button
24/06/06 22:13:26 DEBUG LoginPage: Clicking on Log in button
24/06/06 22:13:31 INFO MainMenuPage: Check Main menu page is opened
24/06/06 22:13:32 INFO AuthentificationTest: Test case is finished
]]></system-out>
  </testcase>
  <testcase name="testLogOut" classname="org.itacademy.tests.AuthentificationTest" time="8.951">
    <system-out><![CDATA[24/06/06 22:13:32 INFO BaseTest: After test method
24/06/06 22:13:32 INFO Browser: Browser is closed
24/06/06 22:13:32 INFO BaseTest: Before test method
24/06/06 22:13:32 INFO Browser: Driver init
24/06/06 22:13:32 DEBUG Browser: Init method of browser
24/06/06 22:13:32 INFO BrowserFactory: Test try runs on browser : CHROME
24/06/06 22:13:34 DEBUG BrowserFactory: Driver ChromeDriver: chrome on mac (ef9d9c9cf17611a99e9b5ca39c8af2ac)
24/06/06 22:13:37 INFO Browser: Browser is started
24/06/06 22:13:37 DEBUG JsonUtil: Getting User model from Json
24/06/06 22:13:37 DEBUG JsonUtil: Getting data from Json
24/06/06 22:13:37 DEBUG JsonUtil: Getting User model from Json
24/06/06 22:13:37 DEBUG JsonUtil: Getting data from Json
24/06/06 22:13:37 DEBUG LoginPage: looking for Login input field
24/06/06 22:13:38 DEBUG LoginPage: looking for Password input field
24/06/06 22:13:38 DEBUG LoginPage: Entering login and password
24/06/06 22:13:38 DEBUG LoginPage: Looking for Log in button
24/06/06 22:13:38 DEBUG LoginPage: Clicking on Log in button
24/06/06 22:13:43 INFO MainMenuPage: Check Main menu page is opened
24/06/06 22:13:43 INFO AuthentificationTest: Test case is finished
]]></system-out>
  </testcase>
  <testcase name="testCreatePage" classname="org.itacademy.tests.PageCreateTest" time="19.46">
    <system-out><![CDATA[24/06/06 22:13:46 INFO BaseTest: After test method
24/06/06 22:13:47 INFO Browser: Browser is closed
24/06/06 22:13:47 INFO Browser: Driver init
24/06/06 22:13:47 DEBUG Browser: Init method of browser
24/06/06 22:13:47 INFO BrowserFactory: Test try runs on browser : CHROME
24/06/06 22:13:49 DEBUG BrowserFactory: Driver ChromeDriver: chrome on mac (d7c336c5148f888a9d23a28eee3faaf0)
24/06/06 22:13:52 INFO Browser: Browser is started
24/06/06 22:13:52 INFO MediaUploadTest: Test create page is started
24/06/06 22:13:52 DEBUG JsonUtil: Getting User model from Json
24/06/06 22:13:52 DEBUG JsonUtil: Getting data from Json
24/06/06 22:13:52 DEBUG JsonUtil: Getting User model from Json
24/06/06 22:13:52 DEBUG JsonUtil: Getting data from Json
24/06/06 22:13:52 DEBUG LoginPage: looking for Login input field
24/06/06 22:13:52 DEBUG LoginPage: looking for Password input field
24/06/06 22:13:52 DEBUG LoginPage: Entering login and password
24/06/06 22:13:53 DEBUG LoginPage: Looking for Log in button
24/06/06 22:13:53 DEBUG LoginPage: Clicking on Log in button
24/06/06 22:14:09 INFO CreatePagePage: Click Publish button
24/06/06 22:14:10 INFO CreatePagePage: Check page is created
24/06/06 22:14:12 INFO CreatePagePage: Page post-4654 is created
24/06/06 22:14:12 INFO MediaUploadTest: Test create page is ended
]]></system-out>
  </testcase>
  <testcase name="testDeletePage" classname="org.itacademy.tests.PageCreateTest" time="7.823">
    <system-out><![CDATA[24/06/06 22:14:12 INFO MediaUploadTest: Test delete created page is started
24/06/06 22:14:12 INFO CreatePagePage: Click View posts
24/06/06 22:14:14 DEBUG PagesPage: Post from Post page: post-4654 is recently created
24/06/06 22:14:14 DEBUG PagesPage: Select checkbox
24/06/06 22:14:15 DEBUG PagesPage: Post from Post page: post-4654 is selected
24/06/06 22:14:15 DEBUG PagesPage: Delete post-4654
24/06/06 22:14:15 DEBUG PagesPage: Looking for Apply button
24/06/06 22:14:15 DEBUG PagesPage: Clicking for Apply button
24/06/06 22:14:19 DEBUG PagesPage: Check post is deleted
]]></system-out>
  </testcase>
  <testcase name="testCreatePost" classname="org.itacademy.tests.PostCreateTest" time="23.723">
    <system-out><![CDATA[24/06/06 22:14:20 INFO Browser: Browser is closed
24/06/06 22:14:20 INFO Browser: Driver init
24/06/06 22:14:20 DEBUG Browser: Init method of browser
24/06/06 22:14:20 INFO BrowserFactory: Test try runs on browser : CHROME
24/06/06 22:14:22 DEBUG BrowserFactory: Driver ChromeDriver: chrome on mac (5bee3268e3b4dc0de2a882ef97a1b610)
24/06/06 22:14:25 INFO Browser: Browser is started
24/06/06 22:14:25 INFO PostCreateTest: Test create post is started
24/06/06 22:14:25 DEBUG JsonUtil: Getting User model from Json
24/06/06 22:14:25 DEBUG JsonUtil: Getting data from Json
24/06/06 22:14:25 DEBUG JsonUtil: Getting User model from Json
24/06/06 22:14:25 DEBUG JsonUtil: Getting data from Json
24/06/06 22:14:25 DEBUG LoginPage: looking for Login input field
24/06/06 22:14:25 DEBUG LoginPage: looking for Password input field
24/06/06 22:14:25 DEBUG LoginPage: Entering login and password
24/06/06 22:14:26 DEBUG LoginPage: Looking for Log in button
24/06/06 22:14:26 DEBUG LoginPage: Clicking on Log in button
24/06/06 22:14:33 INFO MainMenuPage: Check Main menu page is opened
24/06/06 22:14:37 INFO PostsPage: Open Posts page
24/06/06 22:14:46 INFO CreatePostPage: Creating a tag
24/06/06 22:14:46 INFO CreatePostPage: Click Publish
24/06/06 22:14:46 INFO CreatePostPage: Check post is created
24/06/06 22:14:49 INFO CreatePostPage: Post post-4656 is created
24/06/06 22:14:49 INFO PostCreateTest: Test create post is ended
]]></system-out>
  </testcase>
  <testcase name="testDeletePost" classname="org.itacademy.tests.PostCreateTest" time="9.885">
    <system-out><![CDATA[24/06/06 22:14:49 INFO PostCreateTest: Test delete post is started
24/06/06 22:14:49 INFO CreatePostPage: Click View posts
24/06/06 22:14:49 INFO PostsPage: Open Posts page
24/06/06 22:14:53 DEBUG PostsPage: Post from Post page: post-4656 is recently created
24/06/06 22:14:53 DEBUG PostsPage: Select checkbox
24/06/06 22:14:53 DEBUG PostsPage: Post from Post page: post-4656 is selected
24/06/06 22:14:54 DEBUG PostsPage: Delete post-4656
24/06/06 22:14:54 DEBUG PostsPage: Looking for Apply button
24/06/06 22:14:54 DEBUG PostsPage: Clicking for Apply button
24/06/06 22:14:59 DEBUG PostsPage: Check post is deleted
]]></system-out>
  </testcase>
  <testcase name="testIncorrectLogIn" classname="org.itacademy.tests.IncorrectLoginTest" time="1.261">
    <system-out><![CDATA[24/06/06 22:14:59 INFO Browser: Browser is closed
24/06/06 22:14:59 INFO BaseTest: Before test method
24/06/06 22:14:59 INFO Browser: Driver init
24/06/06 22:14:59 DEBUG Browser: Init method of browser
24/06/06 22:14:59 INFO BrowserFactory: Test try runs on browser : CHROME
24/06/06 22:15:01 DEBUG BrowserFactory: Driver ChromeDriver: chrome on mac (7053006da2cf38d349cbb84736549643)
24/06/06 22:15:05 INFO Browser: Browser is started
24/06/06 22:15:05 INFO IncorrectLoginTest: Test incorrect login is started
24/06/06 22:15:05 DEBUG JsonUtil: Getting User model from Json
24/06/06 22:15:05 DEBUG JsonUtil: Getting data from Json
24/06/06 22:15:05 DEBUG JsonUtil: Getting User model from Json
24/06/06 22:15:05 DEBUG JsonUtil: Getting data from Json
24/06/06 22:15:05 DEBUG LoginPage: looking for Login input field
24/06/06 22:15:05 DEBUG LoginPage: looking for Password input field
24/06/06 22:15:05 DEBUG LoginPage: Entering login and password
24/06/06 22:15:05 DEBUG LoginPage: Looking for Log in button
24/06/06 22:15:05 DEBUG LoginPage: Clicking on Log in button
24/06/06 22:15:06 INFO IncorrectLoginTest: Test incorrect login is finished
]]></system-out>
  </testcase>
</testsuite>