<?xml version="1.0" encoding="UTF-8"?>
<!-- Generated by org.testng.reporters.JUnitReportReporter -->
<testsuite hostname="MacBook-Pro-Orlova.local" failures="0" tests="2" name="org.itacademy.tests.PostCreateTest" time="33.606" errors="0" timestamp="2024-06-06T22:15:06 MSK" skipped="0">
  <testcase classname="org.itacademy.tests.PostCreateTest" name="testCreatePost" time="23.723"/>
  <system-out/>
  <testcase classname="org.itacademy.tests.PostCreateTest" name="testDeletePost" time="9.883"/>
  <system-out/>
</testsuite> <!-- org.itacademy.tests.PostCreateTest -->
