<?xml version="1.0" encoding="UTF-8"?>
<!-- Generated by org.testng.reporters.JUnitReportReporter -->
<testsuite hostname="MacBook-Pro-Orlova.local" failures="0" tests="1" name="org.itacademy.tests.IncorrectLoginTest" time="6.986" errors="0" timestamp="2024-06-06T22:15:06 MSK" skipped="0">
  <testcase classname="org.itacademy.tests.IncorrectLoginTest" name="testIncorrectLogIn" time="6.986"/>
  <system-out/>
</testsuite> <!-- org.itacademy.tests.IncorrectLoginTest -->
