<?xml version="1.0" encoding="UTF-8"?>
<!-- Generated by org.testng.reporters.JUnitReportReporter -->
<testsuite hostname="MacBook-Pro-Orlova.local" failures="0" tests="2" name="org.itacademy.tests.MediaUploadTest" time="50.287" errors="0" timestamp="2024-06-06T22:15:06 MSK" skipped="0">
  <testcase classname="org.itacademy.tests.MediaUploadTest" name="uploadMedia" time="25.240"/>
  <system-out/>
  <testcase classname="org.itacademy.tests.MediaUploadTest" name="deleteMedia" time="25.047"/>
  <system-out/>
</testsuite> <!-- org.itacademy.tests.MediaUploadTest -->
