<?xml version="1.0" encoding="UTF-8"?>
<!-- Generated by org.testng.reporters.JUnitReportReporter -->
<testsuite hostname="MacBook-Pro-Orlova.local" failures="0" tests="2" name="org.itacademy.tests.AuthentificationTest" time="27.074" errors="0" timestamp="2024-06-06T22:15:06 MSK" skipped="0">
  <testcase classname="org.itacademy.tests.AuthentificationTest" name="testLogOut" time="15.339"/>
  <system-out/>
  <testcase classname="org.itacademy.tests.AuthentificationTest" name="testLogIn" time="11.735"/>
  <system-out/>
</testsuite> <!-- org.itacademy.tests.AuthentificationTest -->
