<?xml version="1.0" encoding="UTF-8"?>
<!-- Generated by org.testng.reporters.JUnitReportReporter -->
<testsuite hostname="MacBook-Pro-Orlova.local" failures="0" tests="2" name="org.itacademy.tests.PageCreateTest" time="27.281" errors="0" timestamp="2024-06-06T22:15:06 MSK" skipped="0">
  <testcase classname="org.itacademy.tests.PageCreateTest" name="testDeletePage" time="7.822"/>
  <system-out/>
  <testcase classname="org.itacademy.tests.PageCreateTest" name="testCreatePage" time="19.459"/>
  <system-out/>
</testsuite> <!-- org.itacademy.tests.PageCreateTest -->
